process 23766 starts...
0 0
GPU: 0
1464 images per process
load weight succeed
EPS backbone succeed
processing 2007_000032 at 1/10500
PID0, 0/1464 is complete
processing 2007_000039 at 2/10500
processing 2007_000063 at 3/10500
processing 2007_000068 at 4/10500
processing 2007_000121 at 5/10500
processing 2007_000170 at 6/10500
processing 2007_000241 at 7/10500
processing 2007_000243 at 8/10500
processing 2007_000250 at 9/10500
processing 2007_000256 at 10/10500
processing 2007_000333 at 11/10500
PID0, 10/1464 is complete
processing 2007_000363 at 12/10500
processing 2007_000364 at 13/10500
processing 2007_000392 at 14/10500
processing 2007_000480 at 15/10500
processing 2007_000504 at 16/10500
processing 2007_000515 at 17/10500
processing 2007_000528 at 18/10500
processing 2007_000549 at 19/10500
processing 2007_000584 at 20/10500
processing 2007_000645 at 21/10500
PID0, 20/1464 is complete
processing 2007_000648 at 22/10500
processing 2007_000713 at 23/10500
processing 2007_000720 at 24/10500
processing 2007_000733 at 25/10500
processing 2007_000738 at 26/10500
processing 2007_000768 at 27/10500
processing 2007_000793 at 28/10500
processing 2007_000822 at 29/10500
processing 2007_000836 at 30/10500
processing 2007_000876 at 31/10500
PID0, 30/1464 is complete
processing 2007_000904 at 32/10500
processing 2007_001027 at 33/10500
processing 2007_001073 at 34/10500
processing 2007_001149 at 35/10500
processing 2007_001185 at 36/10500
processing 2007_001225 at 37/10500
processing 2007_001340 at 38/10500
processing 2007_001397 at 39/10500
processing 2007_001416 at 40/10500
processing 2007_001420 at 41/10500
PID0, 40/1464 is complete
processing 2007_001439 at 42/10500
processing 2007_001487 at 43/10500
processing 2007_001595 at 44/10500
processing 2007_001602 at 45/10500
processing 2007_001609 at 46/10500
processing 2007_001698 at 47/10500
processing 2007_001704 at 48/10500
processing 2007_001709 at 49/10500
processing 2007_001724 at 50/10500
processing 2007_001764 at 51/10500
PID0, 50/1464 is complete
processing 2007_001825 at 52/10500
processing 2007_001834 at 53/10500
processing 2007_001857 at 54/10500
processing 2007_001872 at 55/10500
processing 2007_001901 at 56/10500
processing 2007_001917 at 57/10500
processing 2007_001960 at 58/10500
processing 2007_002024 at 59/10500
processing 2007_002055 at 60/10500
processing 2007_002088 at 61/10500
PID0, 60/1464 is complete
processing 2007_002099 at 62/10500
processing 2007_002105 at 63/10500
processing 2007_002107 at 64/10500
processing 2007_002120 at 65/10500
processing 2007_002142 at 66/10500
processing 2007_002198 at 67/10500
processing 2007_002212 at 68/10500
processing 2007_002216 at 69/10500
processing 2007_002227 at 70/10500
processing 2007_002234 at 71/10500
PID0, 70/1464 is complete
processing 2007_002273 at 72/10500
processing 2007_002281 at 73/10500
processing 2007_002293 at 74/10500
processing 2007_002361 at 75/10500
processing 2007_002368 at 76/10500
processing 2007_002370 at 77/10500
processing 2007_002403 at 78/10500
processing 2007_002462 at 79/10500
processing 2007_002488 at 80/10500
processing 2007_002545 at 81/10500
PID0, 80/1464 is complete
processing 2007_002611 at 82/10500
processing 2007_002639 at 83/10500
processing 2007_002668 at 84/10500
processing 2007_002669 at 85/10500
processing 2007_002760 at 86/10500
processing 2007_002789 at 87/10500
processing 2007_002845 at 88/10500
processing 2007_002895 at 89/10500
processing 2007_002896 at 90/10500
processing 2007_002914 at 91/10500
PID0, 90/1464 is complete
processing 2007_002953 at 92/10500
processing 2007_002954 at 93/10500
processing 2007_002967 at 94/10500
processing 2007_003000 at 95/10500
processing 2007_003118 at 96/10500
processing 2007_003178 at 97/10500
processing 2007_003189 at 98/10500
processing 2007_003190 at 99/10500
processing 2007_003191 at 100/10500
processing 2007_003205 at 101/10500
PID0, 100/1464 is complete
processing 2007_003207 at 102/10500
processing 2007_003251 at 103/10500
processing 2007_003267 at 104/10500
processing 2007_003286 at 105/10500
processing 2007_003330 at 106/10500
processing 2007_003431 at 107/10500
processing 2007_003451 at 108/10500
processing 2007_003525 at 109/10500
processing 2007_003529 at 110/10500
processing 2007_003541 at 111/10500
PID0, 110/1464 is complete
processing 2007_003565 at 112/10500
processing 2007_003580 at 113/10500
processing 2007_003593 at 114/10500
processing 2007_003604 at 115/10500
processing 2007_003668 at 116/10500
processing 2007_003715 at 117/10500
processing 2007_003778 at 118/10500
processing 2007_003788 at 119/10500
processing 2007_003815 at 120/10500
processing 2007_003876 at 121/10500
PID0, 120/1464 is complete
processing 2007_003889 at 122/10500
processing 2007_003910 at 123/10500
processing 2007_004003 at 124/10500
processing 2007_004009 at 125/10500
processing 2007_004065 at 126/10500
processing 2007_004081 at 127/10500
processing 2007_004166 at 128/10500
processing 2007_004289 at 129/10500
processing 2007_004291 at 130/10500
processing 2007_004328 at 131/10500
PID0, 130/1464 is complete
processing 2007_004423 at 132/10500
processing 2007_004459 at 133/10500
processing 2007_004476 at 134/10500
processing 2007_004481 at 135/10500
processing 2007_004500 at 136/10500
processing 2007_004537 at 137/10500
processing 2007_004627 at 138/10500
processing 2007_004663 at 139/10500
processing 2007_004705 at 140/10500
processing 2007_004707 at 141/10500
PID0, 140/1464 is complete
processing 2007_004768 at 142/10500
processing 2007_004769 at 143/10500
processing 2007_004810 at 144/10500
processing 2007_004830 at 145/10500
processing 2007_004841 at 146/10500
processing 2007_004948 at 147/10500
processing 2007_004951 at 148/10500
processing 2007_004988 at 149/10500
processing 2007_004998 at 150/10500
processing 2007_005043 at 151/10500
PID0, 150/1464 is complete
processing 2007_005064 at 152/10500
processing 2007_005086 at 153/10500
processing 2007_005124 at 154/10500
processing 2007_005130 at 155/10500
processing 2007_005144 at 156/10500
processing 2007_005210 at 157/10500
processing 2007_005212 at 158/10500
processing 2007_005227 at 159/10500
processing 2007_005248 at 160/10500
processing 2007_005262 at 161/10500
PID0, 160/1464 is complete
processing 2007_005264 at 162/10500
processing 2007_005266 at 163/10500
processing 2007_005273 at 164/10500
processing 2007_005314 at 165/10500
processing 2007_005360 at 166/10500
processing 2007_005368 at 167/10500
processing 2007_005430 at 168/10500
processing 2007_005647 at 169/10500
processing 2007_005688 at 170/10500
processing 2007_005702 at 171/10500
PID0, 170/1464 is complete
processing 2007_005790 at 172/10500
processing 2007_005797 at 173/10500
processing 2007_005859 at 174/10500
processing 2007_005878 at 175/10500
processing 2007_005902 at 176/10500
processing 2007_005951 at 177/10500
processing 2007_005988 at 178/10500
processing 2007_005989 at 179/10500
processing 2007_006004 at 180/10500
processing 2007_006066 at 181/10500
PID0, 180/1464 is complete
processing 2007_006134 at 182/10500
processing 2007_006136 at 183/10500
processing 2007_006151 at 184/10500
processing 2007_006212 at 185/10500
processing 2007_006232 at 186/10500
processing 2007_006254 at 187/10500
processing 2007_006281 at 188/10500
processing 2007_006303 at 189/10500
processing 2007_006317 at 190/10500
processing 2007_006400 at 191/10500
PID0, 190/1464 is complete
processing 2007_006409 at 192/10500
processing 2007_006445 at 193/10500
processing 2007_006477 at 194/10500
processing 2007_006483 at 195/10500
processing 2007_006490 at 196/10500
processing 2007_006530 at 197/10500
processing 2007_006581 at 198/10500
processing 2007_006585 at 199/10500
processing 2007_006605 at 200/10500
processing 2007_006615 at 201/10500
PID0, 200/1464 is complete
processing 2007_006641 at 202/10500
processing 2007_006660 at 203/10500
processing 2007_006661 at 204/10500
processing 2007_006673 at 205/10500
processing 2007_006699 at 206/10500
processing 2007_006704 at 207/10500
processing 2007_006803 at 208/10500
processing 2007_006832 at 209/10500
processing 2007_006865 at 210/10500
processing 2007_006899 at 211/10500
PID0, 210/1464 is complete
processing 2007_006900 at 212/10500
processing 2007_006944 at 213/10500
processing 2007_007003 at 214/10500
processing 2007_007021 at 215/10500
processing 2007_007048 at 216/10500
processing 2007_007098 at 217/10500
processing 2007_007154 at 218/10500
processing 2007_007230 at 219/10500
processing 2007_007250 at 220/10500
processing 2007_007355 at 221/10500
PID0, 220/1464 is complete
processing 2007_007387 at 222/10500
processing 2007_007398 at 223/10500
processing 2007_007415 at 224/10500
processing 2007_007432 at 225/10500
processing 2007_007447 at 226/10500
processing 2007_007480 at 227/10500
processing 2007_007481 at 228/10500
processing 2007_007523 at 229/10500
processing 2007_007530 at 230/10500
processing 2007_007585 at 231/10500
PID0, 230/1464 is complete
processing 2007_007591 at 232/10500
processing 2007_007621 at 233/10500
processing 2007_007649 at 234/10500
processing 2007_007698 at 235/10500
processing 2007_007726 at 236/10500
processing 2007_007772 at 237/10500
processing 2007_007773 at 238/10500
processing 2007_007783 at 239/10500
processing 2007_007878 at 240/10500
processing 2007_007890 at 241/10500
PID0, 240/1464 is complete
processing 2007_007891 at 242/10500
processing 2007_007902 at 243/10500
processing 2007_007908 at 244/10500
processing 2007_007930 at 245/10500
processing 2007_007947 at 246/10500
processing 2007_007948 at 247/10500
processing 2007_008043 at 248/10500
processing 2007_008072 at 249/10500
processing 2007_008085 at 250/10500
processing 2007_008140 at 251/10500
PID0, 250/1464 is complete
processing 2007_008142 at 252/10500
processing 2007_008203 at 253/10500
processing 2007_008218 at 254/10500
processing 2007_008219 at 255/10500
processing 2007_008307 at 256/10500
processing 2007_008403 at 257/10500
processing 2007_008407 at 258/10500
processing 2007_008468 at 259/10500
processing 2007_008526 at 260/10500
processing 2007_008571 at 261/10500
PID0, 260/1464 is complete
processing 2007_008575 at 262/10500
processing 2007_008714 at 263/10500
processing 2007_008764 at 264/10500
processing 2007_008778 at 265/10500
processing 2007_008801 at 266/10500
processing 2007_008821 at 267/10500
processing 2007_008927 at 268/10500
processing 2007_008932 at 269/10500
processing 2007_008945 at 270/10500
processing 2007_008948 at 271/10500
PID0, 270/1464 is complete
processing 2007_008994 at 272/10500
processing 2007_009030 at 273/10500
processing 2007_009052 at 274/10500
processing 2007_009082 at 275/10500
processing 2007_009139 at 276/10500
processing 2007_009209 at 277/10500
processing 2007_009216 at 278/10500
processing 2007_009295 at 279/10500
processing 2007_009322 at 280/10500
processing 2007_009327 at 281/10500
PID0, 280/1464 is complete
processing 2007_009348 at 282/10500
processing 2007_009422 at 283/10500
processing 2007_009435 at 284/10500
processing 2007_009436 at 285/10500
processing 2007_009464 at 286/10500
processing 2007_009527 at 287/10500
processing 2007_009533 at 288/10500
processing 2007_009550 at 289/10500
processing 2007_009554 at 290/10500
processing 2007_009580 at 291/10500
PID0, 290/1464 is complete
processing 2007_009594 at 292/10500
processing 2007_009597 at 293/10500
processing 2007_009605 at 294/10500
processing 2007_009607 at 295/10500
processing 2007_009618 at 296/10500
processing 2007_009630 at 297/10500
processing 2007_009649 at 298/10500
processing 2007_009665 at 299/10500
processing 2007_009709 at 300/10500
processing 2007_009724 at 301/10500
PID0, 300/1464 is complete
processing 2007_009759 at 302/10500
processing 2007_009779 at 303/10500
processing 2007_009788 at 304/10500
processing 2007_009807 at 305/10500
processing 2007_009832 at 306/10500
processing 2007_009889 at 307/10500
processing 2007_009899 at 308/10500
processing 2007_009901 at 309/10500
processing 2007_009947 at 310/10500
processing 2007_009950 at 311/10500
PID0, 310/1464 is complete
processing 2008_000015 at 312/10500
processing 2008_000019 at 313/10500
processing 2008_000028 at 314/10500
processing 2008_000033 at 315/10500
processing 2008_000074 at 316/10500
processing 2008_000089 at 317/10500
processing 2008_000103 at 318/10500
processing 2008_000105 at 319/10500
processing 2008_000131 at 320/10500
processing 2008_000144 at 321/10500
PID0, 320/1464 is complete
processing 2008_000162 at 322/10500
processing 2008_000187 at 323/10500
processing 2008_000188 at 324/10500
processing 2008_000197 at 325/10500
processing 2008_000207 at 326/10500
processing 2008_000217 at 327/10500
processing 2008_000226 at 328/10500
processing 2008_000235 at 329/10500
processing 2008_000238 at 330/10500
processing 2008_000259 at 331/10500
PID0, 330/1464 is complete
processing 2008_000273 at 332/10500
processing 2008_000284 at 333/10500
processing 2008_000287 at 334/10500
processing 2008_000289 at 335/10500
processing 2008_000290 at 336/10500
processing 2008_000309 at 337/10500
processing 2008_000316 at 338/10500
processing 2008_000336 at 339/10500
processing 2008_000348 at 340/10500
processing 2008_000361 at 341/10500
PID0, 340/1464 is complete
processing 2008_000365 at 342/10500
processing 2008_000399 at 343/10500
processing 2008_000400 at 344/10500
processing 2008_000415 at 345/10500
processing 2008_000422 at 346/10500
processing 2008_000436 at 347/10500
processing 2008_000470 at 348/10500
processing 2008_000491 at 349/10500
processing 2008_000495 at 350/10500
processing 2008_000505 at 351/10500
PID0, 350/1464 is complete
processing 2008_000515 at 352/10500
processing 2008_000540 at 353/10500
processing 2008_000544 at 354/10500
processing 2008_000567 at 355/10500
processing 2008_000578 at 356/10500
processing 2008_000584 at 357/10500
processing 2008_000588 at 358/10500
processing 2008_000595 at 359/10500
processing 2008_000626 at 360/10500
processing 2008_000645 at 361/10500
PID0, 360/1464 is complete
processing 2008_000676 at 362/10500
processing 2008_000696 at 363/10500
processing 2008_000711 at 364/10500
processing 2008_000716 at 365/10500
processing 2008_000733 at 366/10500
processing 2008_000760 at 367/10500
processing 2008_000764 at 368/10500
processing 2008_000778 at 369/10500
processing 2008_000785 at 370/10500
processing 2008_000832 at 371/10500
PID0, 370/1464 is complete
processing 2008_000841 at 372/10500
processing 2008_000860 at 373/10500
processing 2008_000861 at 374/10500
processing 2008_000870 at 375/10500
processing 2008_000923 at 376/10500
processing 2008_001030 at 377/10500
processing 2008_001056 at 378/10500
processing 2008_001106 at 379/10500
processing 2008_001112 at 380/10500
processing 2008_001118 at 381/10500
PID0, 380/1464 is complete
processing 2008_001119 at 382/10500
processing 2008_001137 at 383/10500
processing 2008_001159 at 384/10500
processing 2008_001169 at 385/10500
processing 2008_001188 at 386/10500
processing 2008_001203 at 387/10500
processing 2008_001208 at 388/10500
processing 2008_001215 at 389/10500
processing 2008_001235 at 390/10500
processing 2008_001245 at 391/10500
PID0, 390/1464 is complete
processing 2008_001263 at 392/10500
processing 2008_001274 at 393/10500
processing 2008_001358 at 394/10500
processing 2008_001375 at 395/10500
processing 2008_001387 at 396/10500
processing 2008_001399 at 397/10500
processing 2008_001402 at 398/10500
processing 2008_001408 at 399/10500
processing 2008_001413 at 400/10500
processing 2008_001462 at 401/10500
PID0, 400/1464 is complete
processing 2008_001467 at 402/10500
processing 2008_001479 at 403/10500
processing 2008_001498 at 404/10500
processing 2008_001510 at 405/10500
processing 2008_001523 at 406/10500
processing 2008_001566 at 407/10500
processing 2008_001592 at 408/10500
processing 2008_001601 at 409/10500
processing 2008_001610 at 410/10500
processing 2008_001632 at 411/10500
PID0, 410/1464 is complete
processing 2008_001643 at 412/10500
processing 2008_001691 at 413/10500
processing 2008_001716 at 414/10500
processing 2008_001719 at 415/10500
processing 2008_001741 at 416/10500
processing 2008_001761 at 417/10500
processing 2008_001787 at 418/10500
processing 2008_001829 at 419/10500
processing 2008_001876 at 420/10500
processing 2008_001882 at 421/10500
PID0, 420/1464 is complete
processing 2008_001896 at 422/10500
processing 2008_001926 at 423/10500
processing 2008_001997 at 424/10500
processing 2008_002032 at 425/10500
processing 2008_002064 at 426/10500
processing 2008_002066 at 427/10500
processing 2008_002067 at 428/10500
processing 2008_002073 at 429/10500
processing 2008_002079 at 430/10500
processing 2008_002080 at 431/10500
PID0, 430/1464 is complete
processing 2008_002123 at 432/10500
processing 2008_002160 at 433/10500
processing 2008_002175 at 434/10500
processing 2008_002177 at 435/10500
processing 2008_002182 at 436/10500
processing 2008_002200 at 437/10500
processing 2008_002210 at 438/10500
processing 2008_002215 at 439/10500
processing 2008_002218 at 440/10500
processing 2008_002221 at 441/10500
PID0, 440/1464 is complete
processing 2008_002247 at 442/10500
processing 2008_002248 at 443/10500
processing 2008_002255 at 444/10500
processing 2008_002258 at 445/10500
processing 2008_002288 at 446/10500
processing 2008_002338 at 447/10500
processing 2008_002411 at 448/10500
processing 2008_002425 at 449/10500
processing 2008_002471 at 450/10500
processing 2008_002473 at 451/10500
PID0, 450/1464 is complete
processing 2008_002551 at 452/10500
processing 2008_002641 at 453/10500
processing 2008_002650 at 454/10500
processing 2008_002697 at 455/10500
processing 2008_002704 at 456/10500
processing 2008_002710 at 457/10500
processing 2008_002719 at 458/10500
processing 2008_002749 at 459/10500
processing 2008_002762 at 460/10500
processing 2008_002772 at 461/10500
PID0, 460/1464 is complete
processing 2008_002834 at 462/10500
processing 2008_002868 at 463/10500
processing 2008_002885 at 464/10500
processing 2008_002894 at 465/10500
processing 2008_002960 at 466/10500
processing 2008_002970 at 467/10500
processing 2008_002972 at 468/10500
processing 2008_002993 at 469/10500
processing 2008_003060 at 470/10500
processing 2008_003065 at 471/10500
PID0, 470/1464 is complete
processing 2008_003068 at 472/10500
processing 2008_003083 at 473/10500
processing 2008_003087 at 474/10500
processing 2008_003094 at 475/10500
processing 2008_003101 at 476/10500
processing 2008_003168 at 477/10500
processing 2008_003180 at 478/10500
processing 2008_003196 at 479/10500
processing 2008_003200 at 480/10500
processing 2008_003208 at 481/10500
PID0, 480/1464 is complete
processing 2008_003252 at 482/10500
processing 2008_003329 at 483/10500
processing 2008_003362 at 484/10500
processing 2008_003373 at 485/10500
processing 2008_003381 at 486/10500
processing 2008_003415 at 487/10500
processing 2008_003429 at 488/10500
processing 2008_003480 at 489/10500
processing 2008_003500 at 490/10500
processing 2008_003523 at 491/10500
PID0, 490/1464 is complete
processing 2008_003562 at 492/10500
processing 2008_003585 at 493/10500
processing 2008_003665 at 494/10500
processing 2008_003691 at 495/10500
processing 2008_003701 at 496/10500
processing 2008_003703 at 497/10500
processing 2008_003729 at 498/10500
processing 2008_003769 at 499/10500
processing 2008_003774 at 500/10500
processing 2008_003779 at 501/10500
PID0, 500/1464 is complete
processing 2008_003814 at 502/10500
processing 2008_003913 at 503/10500
processing 2008_003939 at 504/10500
processing 2008_003947 at 505/10500
processing 2008_003986 at 506/10500
processing 2008_003998 at 507/10500
processing 2008_004014 at 508/10500
processing 2008_004026 at 509/10500
processing 2008_004055 at 510/10500
processing 2008_004080 at 511/10500
PID0, 510/1464 is complete
processing 2008_004097 at 512/10500
processing 2008_004112 at 513/10500
processing 2008_004259 at 514/10500
processing 2008_004321 at 515/10500
processing 2008_004358 at 516/10500
processing 2008_004365 at 517/10500
processing 2008_004416 at 518/10500
processing 2008_004430 at 519/10500
processing 2008_004441 at 520/10500
processing 2008_004547 at 521/10500
PID0, 520/1464 is complete
processing 2008_004551 at 522/10500
processing 2008_004583 at 523/10500
processing 2008_004588 at 524/10500
processing 2008_004607 at 525/10500
processing 2008_004663 at 526/10500
processing 2008_004750 at 527/10500
processing 2008_004776 at 528/10500
processing 2008_004822 at 529/10500
processing 2008_004838 at 530/10500
processing 2008_004841 at 531/10500
PID0, 530/1464 is complete
processing 2008_004869 at 532/10500
processing 2008_004892 at 533/10500
processing 2008_004911 at 534/10500
processing 2008_004914 at 535/10500
processing 2008_004946 at 536/10500
processing 2008_004983 at 537/10500
processing 2008_005006 at 538/10500
processing 2008_005074 at 539/10500
processing 2008_005196 at 540/10500
processing 2008_005214 at 541/10500
PID0, 540/1464 is complete
processing 2008_005231 at 542/10500
processing 2008_005266 at 543/10500
processing 2008_005294 at 544/10500
processing 2008_005300 at 545/10500
processing 2008_005321 at 546/10500
processing 2008_005342 at 547/10500
processing 2008_005345 at 548/10500
processing 2008_005367 at 549/10500
processing 2008_005375 at 550/10500
processing 2008_005512 at 551/10500
PID0, 550/1464 is complete
processing 2008_005541 at 552/10500
processing 2008_005600 at 553/10500
processing 2008_005650 at 554/10500
processing 2008_005668 at 555/10500
processing 2008_005678 at 556/10500
processing 2008_005679 at 557/10500
processing 2008_005698 at 558/10500
processing 2008_005706 at 559/10500
processing 2008_005713 at 560/10500
processing 2008_005714 at 561/10500
PID0, 560/1464 is complete
processing 2008_005716 at 562/10500
processing 2008_005747 at 563/10500
processing 2008_005770 at 564/10500
processing 2008_005839 at 565/10500
processing 2008_005843 at 566/10500
processing 2008_005845 at 567/10500
processing 2008_005874 at 568/10500
processing 2008_005926 at 569/10500
processing 2008_005938 at 570/10500
processing 2008_005945 at 571/10500
PID0, 570/1464 is complete
processing 2008_005953 at 572/10500
processing 2008_006032 at 573/10500
processing 2008_006065 at 574/10500
processing 2008_006070 at 575/10500
processing 2008_006140 at 576/10500
processing 2008_006182 at 577/10500
processing 2008_006213 at 578/10500
processing 2008_006215 at 579/10500
processing 2008_006221 at 580/10500
processing 2008_006289 at 581/10500
PID0, 580/1464 is complete
processing 2008_006339 at 582/10500
processing 2008_006345 at 583/10500
processing 2008_006349 at 584/10500
processing 2008_006353 at 585/10500
processing 2008_006389 at 586/10500
processing 2008_006434 at 587/10500
processing 2008_006481 at 588/10500
processing 2008_006482 at 589/10500
processing 2008_006490 at 590/10500
processing 2008_006509 at 591/10500
PID0, 590/1464 is complete
processing 2008_006558 at 592/10500
processing 2008_006655 at 593/10500
processing 2008_006748 at 594/10500
processing 2008_006751 at 595/10500
processing 2008_006843 at 596/10500
processing 2008_006873 at 597/10500
processing 2008_006877 at 598/10500
processing 2008_006908 at 599/10500
processing 2008_006920 at 600/10500
processing 2008_007011 at 601/10500
PID0, 600/1464 is complete
processing 2008_007012 at 602/10500
processing 2008_007090 at 603/10500
processing 2008_007142 at 604/10500
processing 2008_007165 at 605/10500
processing 2008_007201 at 606/10500
processing 2008_007239 at 607/10500
processing 2008_007242 at 608/10500
processing 2008_007245 at 609/10500
processing 2008_007313 at 610/10500
processing 2008_007355 at 611/10500
PID0, 610/1464 is complete
processing 2008_007357 at 612/10500
processing 2008_007375 at 613/10500
processing 2008_007428 at 614/10500
processing 2008_007433 at 615/10500
processing 2008_007472 at 616/10500
processing 2008_007581 at 617/10500
processing 2008_007691 at 618/10500
processing 2008_007759 at 619/10500
processing 2008_007858 at 620/10500
processing 2008_007998 at 621/10500
PID0, 620/1464 is complete
processing 2008_008106 at 622/10500
processing 2008_008193 at 623/10500
processing 2008_008263 at 624/10500
processing 2008_008323 at 625/10500
processing 2008_008324 at 626/10500
processing 2008_008343 at 627/10500
processing 2008_008462 at 628/10500
processing 2008_008476 at 629/10500
processing 2008_008511 at 630/10500
processing 2008_008521 at 631/10500
PID0, 630/1464 is complete
processing 2008_008525 at 632/10500
processing 2008_008541 at 633/10500
processing 2008_008545 at 634/10500
processing 2008_008550 at 635/10500
processing 2008_008770 at 636/10500
processing 2008_008773 at 637/10500
processing 2009_000006 at 638/10500
processing 2009_000015 at 639/10500
processing 2009_000028 at 640/10500
processing 2009_000029 at 641/10500
PID0, 640/1464 is complete
processing 2009_000073 at 642/10500
processing 2009_000100 at 643/10500
processing 2009_000103 at 644/10500
processing 2009_000133 at 645/10500
processing 2009_000161 at 646/10500
processing 2009_000176 at 647/10500
processing 2009_000177 at 648/10500
processing 2009_000250 at 649/10500
processing 2009_000285 at 650/10500
processing 2009_000347 at 651/10500
PID0, 650/1464 is complete
processing 2009_000385 at 652/10500
processing 2009_000400 at 653/10500
processing 2009_000405 at 654/10500
processing 2009_000408 at 655/10500
processing 2009_000409 at 656/10500
processing 2009_000420 at 657/10500
processing 2009_000444 at 658/10500
processing 2009_000454 at 659/10500
processing 2009_000503 at 660/10500
processing 2009_000505 at 661/10500
PID0, 660/1464 is complete
processing 2009_000532 at 662/10500
processing 2009_000535 at 663/10500
processing 2009_000544 at 664/10500
processing 2009_000553 at 665/10500
processing 2009_000562 at 666/10500
processing 2009_000603 at 667/10500
processing 2009_000626 at 668/10500
processing 2009_000635 at 669/10500
processing 2009_000655 at 670/10500
processing 2009_000662 at 671/10500
PID0, 670/1464 is complete
processing 2009_000684 at 672/10500
processing 2009_000690 at 673/10500
processing 2009_000709 at 674/10500
processing 2009_000720 at 675/10500
processing 2009_000744 at 676/10500
processing 2009_000746 at 677/10500
processing 2009_000774 at 678/10500
processing 2009_000801 at 679/10500
processing 2009_000887 at 680/10500
processing 2009_000894 at 681/10500
PID0, 680/1464 is complete
processing 2009_000895 at 682/10500
processing 2009_000906 at 683/10500
processing 2009_000938 at 684/10500
processing 2009_000987 at 685/10500
processing 2009_000996 at 686/10500
processing 2009_001002 at 687/10500
processing 2009_001019 at 688/10500
processing 2009_001027 at 689/10500
processing 2009_001036 at 690/10500
processing 2009_001070 at 691/10500
PID0, 690/1464 is complete
processing 2009_001085 at 692/10500
processing 2009_001095 at 693/10500
processing 2009_001096 at 694/10500
processing 2009_001100 at 695/10500
processing 2009_001104 at 696/10500
processing 2009_001117 at 697/10500
processing 2009_001124 at 698/10500
processing 2009_001137 at 699/10500
processing 2009_001140 at 700/10500
processing 2009_001145 at 701/10500
PID0, 700/1464 is complete
processing 2009_001146 at 702/10500
processing 2009_001163 at 703/10500
processing 2009_001177 at 704/10500
processing 2009_001197 at 705/10500
processing 2009_001203 at 706/10500
processing 2009_001205 at 707/10500
processing 2009_001251 at 708/10500
processing 2009_001253 at 709/10500
processing 2009_001264 at 710/10500
processing 2009_001268 at 711/10500
PID0, 710/1464 is complete
processing 2009_001270 at 712/10500
processing 2009_001283 at 713/10500
processing 2009_001306 at 714/10500
processing 2009_001311 at 715/10500
processing 2009_001339 at 716/10500
processing 2009_001359 at 717/10500
processing 2009_001385 at 718/10500
processing 2009_001388 at 719/10500
processing 2009_001390 at 720/10500
processing 2009_001403 at 721/10500
PID0, 720/1464 is complete
processing 2009_001422 at 722/10500
processing 2009_001443 at 723/10500
processing 2009_001444 at 724/10500
processing 2009_001481 at 725/10500
processing 2009_001502 at 726/10500
processing 2009_001514 at 727/10500
processing 2009_001516 at 728/10500
processing 2009_001544 at 729/10500
processing 2009_001615 at 730/10500
processing 2009_001625 at 731/10500
PID0, 730/1464 is complete
processing 2009_001636 at 732/10500
processing 2009_001640 at 733/10500
processing 2009_001651 at 734/10500
processing 2009_001664 at 735/10500
processing 2009_001690 at 736/10500
processing 2009_001693 at 737/10500
processing 2009_001724 at 738/10500
processing 2009_001735 at 739/10500
processing 2009_001744 at 740/10500
processing 2009_001755 at 741/10500
PID0, 740/1464 is complete
processing 2009_001782 at 742/10500
processing 2009_001783 at 743/10500
processing 2009_001802 at 744/10500
processing 2009_001828 at 745/10500
processing 2009_001868 at 746/10500
processing 2009_001871 at 747/10500
processing 2009_001885 at 748/10500
processing 2009_001888 at 749/10500
processing 2009_001894 at 750/10500
processing 2009_001898 at 751/10500
PID0, 750/1464 is complete
processing 2009_001922 at 752/10500
processing 2009_001937 at 753/10500
processing 2009_001961 at 754/10500
processing 2009_001964 at 755/10500
processing 2009_001972 at 756/10500
processing 2009_002010 at 757/10500
processing 2009_002019 at 758/10500
processing 2009_002052 at 759/10500
processing 2009_002060 at 760/10500
processing 2009_002072 at 761/10500
PID0, 760/1464 is complete
processing 2009_002083 at 762/10500
processing 2009_002117 at 763/10500
processing 2009_002153 at 764/10500
processing 2009_002204 at 765/10500
processing 2009_002216 at 766/10500
processing 2009_002229 at 767/10500
processing 2009_002245 at 768/10500
processing 2009_002262 at 769/10500
processing 2009_002264 at 770/10500
processing 2009_002281 at 771/10500
PID0, 770/1464 is complete
processing 2009_002285 at 772/10500
processing 2009_002314 at 773/10500
processing 2009_002343 at 774/10500
processing 2009_002362 at 775/10500
processing 2009_002387 at 776/10500
processing 2009_002409 at 777/10500
processing 2009_002416 at 778/10500
processing 2009_002419 at 779/10500
processing 2009_002422 at 780/10500
processing 2009_002423 at 781/10500
PID0, 780/1464 is complete
processing 2009_002425 at 782/10500
processing 2009_002448 at 783/10500
processing 2009_002460 at 784/10500
processing 2009_002472 at 785/10500
processing 2009_002519 at 786/10500
processing 2009_002530 at 787/10500
processing 2009_002543 at 788/10500
processing 2009_002567 at 789/10500
processing 2009_002586 at 790/10500
processing 2009_002588 at 791/10500
PID0, 790/1464 is complete
processing 2009_002599 at 792/10500
processing 2009_002613 at 793/10500
processing 2009_002626 at 794/10500
processing 2009_002628 at 795/10500
processing 2009_002662 at 796/10500
processing 2009_002674 at 797/10500
processing 2009_002713 at 798/10500
processing 2009_002715 at 799/10500
processing 2009_002734 at 800/10500
processing 2009_002763 at 801/10500
PID0, 800/1464 is complete
processing 2009_002789 at 802/10500
processing 2009_002820 at 803/10500
processing 2009_002844 at 804/10500
processing 2009_002845 at 805/10500
processing 2009_002849 at 806/10500
processing 2009_002862 at 807/10500
processing 2009_002872 at 808/10500
processing 2009_002885 at 809/10500
processing 2009_002897 at 810/10500
processing 2009_002912 at 811/10500
PID0, 810/1464 is complete
processing 2009_002914 at 812/10500
processing 2009_002917 at 813/10500
processing 2009_002932 at 814/10500
processing 2009_002972 at 815/10500
processing 2009_002984 at 816/10500
processing 2009_002988 at 817/10500
processing 2009_002993 at 818/10500
processing 2009_003006 at 819/10500
processing 2009_003007 at 820/10500
processing 2009_003012 at 821/10500
PID0, 820/1464 is complete
processing 2009_003034 at 822/10500
processing 2009_003035 at 823/10500
processing 2009_003039 at 824/10500
processing 2009_003053 at 825/10500
processing 2009_003054 at 826/10500
processing 2009_003075 at 827/10500
processing 2009_003087 at 828/10500
processing 2009_003088 at 829/10500
processing 2009_003090 at 830/10500
processing 2009_003142 at 831/10500
PID0, 830/1464 is complete
processing 2009_003146 at 832/10500
processing 2009_003147 at 833/10500
processing 2009_003164 at 834/10500
processing 2009_003172 at 835/10500
processing 2009_003200 at 836/10500
processing 2009_003249 at 837/10500
processing 2009_003317 at 838/10500
processing 2009_003340 at 839/10500
processing 2009_003345 at 840/10500
processing 2009_003353 at 841/10500
PID0, 840/1464 is complete
processing 2009_003361 at 842/10500
processing 2009_003369 at 843/10500
processing 2009_003455 at 844/10500
processing 2009_003461 at 845/10500
processing 2009_003468 at 846/10500
processing 2009_003497 at 847/10500
processing 2009_003519 at 848/10500
processing 2009_003522 at 849/10500
processing 2009_003539 at 850/10500
processing 2009_003555 at 851/10500
PID0, 850/1464 is complete
processing 2009_003613 at 852/10500
processing 2009_003636 at 853/10500
processing 2009_003646 at 854/10500
processing 2009_003660 at 855/10500
processing 2009_003690 at 856/10500
processing 2009_003697 at 857/10500
processing 2009_003711 at 858/10500
processing 2009_003734 at 859/10500
processing 2009_003736 at 860/10500
processing 2009_003757 at 861/10500
PID0, 860/1464 is complete
processing 2009_003768 at 862/10500
processing 2009_003783 at 863/10500
processing 2009_003799 at 864/10500
processing 2009_003815 at 865/10500
processing 2009_003820 at 866/10500
processing 2009_003825 at 867/10500
processing 2009_003860 at 868/10500
processing 2009_003865 at 869/10500
processing 2009_003921 at 870/10500
processing 2009_003922 at 871/10500
PID0, 870/1464 is complete
processing 2009_003933 at 872/10500
processing 2009_003961 at 873/10500
processing 2009_003975 at 874/10500
processing 2009_004091 at 875/10500
processing 2009_004095 at 876/10500
processing 2009_004105 at 877/10500
processing 2009_004117 at 878/10500
processing 2009_004171 at 879/10500
processing 2009_004178 at 880/10500
processing 2009_004180 at 881/10500
PID0, 880/1464 is complete
processing 2009_004186 at 882/10500
processing 2009_004191 at 883/10500
processing 2009_004212 at 884/10500
processing 2009_004213 at 885/10500
processing 2009_004228 at 886/10500
processing 2009_004249 at 887/10500
processing 2009_004264 at 888/10500
processing 2009_004278 at 889/10500
processing 2009_004301 at 890/10500
processing 2009_004316 at 891/10500
PID0, 890/1464 is complete
processing 2009_004317 at 892/10500
processing 2009_004327 at 893/10500
processing 2009_004328 at 894/10500
processing 2009_004334 at 895/10500
processing 2009_004336 at 896/10500
processing 2009_004368 at 897/10500
processing 2009_004374 at 898/10500
processing 2009_004409 at 899/10500
processing 2009_004417 at 900/10500
processing 2009_004425 at 901/10500
PID0, 900/1464 is complete
processing 2009_004426 at 902/10500
processing 2009_004434 at 903/10500
processing 2009_004446 at 904/10500
processing 2009_004464 at 905/10500
processing 2009_004479 at 906/10500
processing 2009_004519 at 907/10500
processing 2009_004539 at 908/10500
processing 2009_004561 at 909/10500
processing 2009_004620 at 910/10500
processing 2009_004626 at 911/10500
PID0, 910/1464 is complete
processing 2009_004643 at 912/10500
processing 2009_004656 at 913/10500
processing 2009_004661 at 914/10500
processing 2009_004674 at 915/10500
processing 2009_004705 at 916/10500
processing 2009_004790 at 917/10500
processing 2009_004805 at 918/10500
processing 2009_004829 at 919/10500
processing 2009_004887 at 920/10500
processing 2009_004888 at 921/10500
PID0, 920/1464 is complete
processing 2009_004890 at 922/10500
processing 2009_004901 at 923/10500
processing 2009_004904 at 924/10500
processing 2009_004919 at 925/10500
processing 2009_004939 at 926/10500
processing 2009_004980 at 927/10500
processing 2009_004990 at 928/10500
processing 2009_005000 at 929/10500
processing 2009_005016 at 930/10500
processing 2009_005031 at 931/10500
PID0, 930/1464 is complete
processing 2009_005037 at 932/10500
processing 2009_005055 at 933/10500
processing 2009_005056 at 934/10500
processing 2009_005069 at 935/10500
processing 2009_005084 at 936/10500
processing 2009_005085 at 937/10500
processing 2009_005107 at 938/10500
processing 2009_005118 at 939/10500
processing 2009_005120 at 940/10500
processing 2009_005128 at 941/10500
PID0, 940/1464 is complete
processing 2009_005130 at 942/10500
processing 2009_005141 at 943/10500
processing 2009_005145 at 944/10500
processing 2009_005160 at 945/10500
processing 2009_005177 at 946/10500
processing 2009_005194 at 947/10500
processing 2009_005234 at 948/10500
processing 2009_005236 at 949/10500
processing 2009_005247 at 950/10500
processing 2009_005269 at 951/10500
PID0, 950/1464 is complete
processing 2009_005287 at 952/10500
processing 2010_000002 at 953/10500
processing 2010_000043 at 954/10500
processing 2010_000063 at 955/10500
processing 2010_000075 at 956/10500
processing 2010_000076 at 957/10500
processing 2010_000114 at 958/10500
processing 2010_000117 at 959/10500
processing 2010_000131 at 960/10500
processing 2010_000132 at 961/10500
PID0, 960/1464 is complete
processing 2010_000148 at 962/10500
processing 2010_000187 at 963/10500
processing 2010_000189 at 964/10500
processing 2010_000195 at 965/10500
processing 2010_000269 at 966/10500
processing 2010_000285 at 967/10500
processing 2010_000371 at 968/10500
processing 2010_000392 at 969/10500
processing 2010_000404 at 970/10500
processing 2010_000436 at 971/10500
PID0, 970/1464 is complete
processing 2010_000437 at 972/10500
processing 2010_000466 at 973/10500
processing 2010_000469 at 974/10500
processing 2010_000492 at 975/10500
processing 2010_000498 at 976/10500
processing 2010_000503 at 977/10500
processing 2010_000519 at 978/10500
processing 2010_000567 at 979/10500
processing 2010_000588 at 980/10500
processing 2010_000632 at 981/10500
PID0, 980/1464 is complete
processing 2010_000661 at 982/10500
processing 2010_000675 at 983/10500
processing 2010_000685 at 984/10500
processing 2010_000746 at 985/10500
processing 2010_000748 at 986/10500
processing 2010_000772 at 987/10500
processing 2010_000787 at 988/10500
processing 2010_000810 at 989/10500
processing 2010_000815 at 990/10500
processing 2010_000847 at 991/10500
PID0, 990/1464 is complete
processing 2010_000855 at 992/10500
processing 2010_000885 at 993/10500
processing 2010_000887 at 994/10500
processing 2010_000978 at 995/10500
processing 2010_000986 at 996/10500
processing 2010_001043 at 997/10500
processing 2010_001120 at 998/10500
processing 2010_001131 at 999/10500
processing 2010_001154 at 1000/10500
processing 2010_001160 at 1001/10500
PID0, 1000/1464 is complete
processing 2010_001177 at 1002/10500
processing 2010_001183 at 1003/10500
processing 2010_001184 at 1004/10500
processing 2010_001195 at 1005/10500
processing 2010_001245 at 1006/10500
processing 2010_001247 at 1007/10500
processing 2010_001261 at 1008/10500
processing 2010_001273 at 1009/10500
processing 2010_001279 at 1010/10500
processing 2010_001282 at 1011/10500
PID0, 1010/1464 is complete
processing 2010_001329 at 1012/10500
processing 2010_001347 at 1013/10500
processing 2010_001374 at 1014/10500
processing 2010_001386 at 1015/10500
processing 2010_001399 at 1016/10500
processing 2010_001413 at 1017/10500
processing 2010_001418 at 1018/10500
processing 2010_001422 at 1019/10500
processing 2010_001457 at 1020/10500
processing 2010_001514 at 1021/10500
PID0, 1020/1464 is complete
processing 2010_001515 at 1022/10500
processing 2010_001561 at 1023/10500
processing 2010_001562 at 1024/10500
processing 2010_001576 at 1025/10500
processing 2010_001590 at 1026/10500
processing 2010_001595 at 1027/10500
processing 2010_001618 at 1028/10500
processing 2010_001619 at 1029/10500
processing 2010_001630 at 1030/10500
processing 2010_001660 at 1031/10500
PID0, 1030/1464 is complete
processing 2010_001676 at 1032/10500
processing 2010_001706 at 1033/10500
processing 2010_001732 at 1034/10500
processing 2010_001748 at 1035/10500
processing 2010_001807 at 1036/10500
processing 2010_001842 at 1037/10500
processing 2010_001849 at 1038/10500
processing 2010_001850 at 1039/10500
processing 2010_001852 at 1040/10500
processing 2010_001860 at 1041/10500
PID0, 1040/1464 is complete
processing 2010_001922 at 1042/10500
processing 2010_001923 at 1043/10500
processing 2010_001933 at 1044/10500
processing 2010_001939 at 1045/10500
processing 2010_001944 at 1046/10500
processing 2010_002018 at 1047/10500
processing 2010_002020 at 1048/10500
processing 2010_002032 at 1049/10500
processing 2010_002039 at 1050/10500
processing 2010_002047 at 1051/10500
PID0, 1050/1464 is complete
processing 2010_002054 at 1052/10500
processing 2010_002055 at 1053/10500
processing 2010_002070 at 1054/10500
processing 2010_002097 at 1055/10500
processing 2010_002107 at 1056/10500
processing 2010_002139 at 1057/10500
processing 2010_002154 at 1058/10500
processing 2010_002166 at 1059/10500
processing 2010_002203 at 1060/10500
processing 2010_002218 at 1061/10500
PID0, 1060/1464 is complete
processing 2010_002236 at 1062/10500
processing 2010_002254 at 1063/10500
processing 2010_002286 at 1064/10500
processing 2010_002338 at 1065/10500
processing 2010_002363 at 1066/10500
processing 2010_002379 at 1067/10500
processing 2010_002382 at 1068/10500
processing 2010_002387 at 1069/10500
processing 2010_002413 at 1070/10500
processing 2010_002418 at 1071/10500
PID0, 1070/1464 is complete
processing 2010_002440 at 1072/10500
processing 2010_002455 at 1073/10500
processing 2010_002457 at 1074/10500
processing 2010_002499 at 1075/10500
processing 2010_002527 at 1076/10500
processing 2010_002532 at 1077/10500
processing 2010_002551 at 1078/10500
processing 2010_002556 at 1079/10500
processing 2010_002570 at 1080/10500
processing 2010_002573 at 1081/10500
PID0, 1080/1464 is complete
processing 2010_002625 at 1082/10500
processing 2010_002659 at 1083/10500
processing 2010_002697 at 1084/10500
processing 2010_002720 at 1085/10500
processing 2010_002733 at 1086/10500
processing 2010_002750 at 1087/10500
processing 2010_002778 at 1088/10500
processing 2010_002786 at 1089/10500
processing 2010_002794 at 1090/10500
processing 2010_002811 at 1091/10500
PID0, 1090/1464 is complete
processing 2010_002815 at 1092/10500
processing 2010_002838 at 1093/10500
processing 2010_002856 at 1094/10500
processing 2010_002870 at 1095/10500
processing 2010_002892 at 1096/10500
processing 2010_002907 at 1097/10500
processing 2010_002935 at 1098/10500
processing 2010_002937 at 1099/10500
processing 2010_002938 at 1100/10500
processing 2010_002962 at 1101/10500
PID0, 1100/1464 is complete
processing 2010_002973 at 1102/10500
processing 2010_003010 at 1103/10500
processing 2010_003017 at 1104/10500
processing 2010_003062 at 1105/10500
processing 2010_003088 at 1106/10500
processing 2010_003093 at 1107/10500
processing 2010_003097 at 1108/10500
processing 2010_003114 at 1109/10500
processing 2010_003119 at 1110/10500
processing 2010_003153 at 1111/10500
PID0, 1110/1464 is complete
processing 2010_003157 at 1112/10500
processing 2010_003170 at 1113/10500
processing 2010_003174 at 1114/10500
processing 2010_003203 at 1115/10500
processing 2010_003230 at 1116/10500
processing 2010_003250 at 1117/10500
processing 2010_003252 at 1118/10500
processing 2010_003269 at 1119/10500
processing 2010_003274 at 1120/10500
processing 2010_003342 at 1121/10500
PID0, 1120/1464 is complete
processing 2010_003345 at 1122/10500
processing 2010_003380 at 1123/10500
processing 2010_003383 at 1124/10500
processing 2010_003384 at 1125/10500
processing 2010_003529 at 1126/10500
processing 2010_003534 at 1127/10500
processing 2010_003599 at 1128/10500
processing 2010_003634 at 1129/10500
processing 2010_003651 at 1130/10500
processing 2010_003665 at 1131/10500
PID0, 1130/1464 is complete
processing 2010_003670 at 1132/10500
processing 2010_003680 at 1133/10500
processing 2010_003696 at 1134/10500
processing 2010_003717 at 1135/10500
processing 2010_003737 at 1136/10500
processing 2010_003798 at 1137/10500
processing 2010_003799 at 1138/10500
processing 2010_003884 at 1139/10500
processing 2010_003887 at 1140/10500
processing 2010_003894 at 1141/10500
PID0, 1140/1464 is complete
processing 2010_003899 at 1142/10500
processing 2010_003911 at 1143/10500
processing 2010_003925 at 1144/10500
processing 2010_003950 at 1145/10500
processing 2010_003954 at 1146/10500
processing 2010_003958 at 1147/10500
processing 2010_003974 at 1148/10500
processing 2010_004005 at 1149/10500
processing 2010_004025 at 1150/10500
processing 2010_004060 at 1151/10500
PID0, 1150/1464 is complete
processing 2010_004069 at 1152/10500
processing 2010_004071 at 1153/10500
processing 2010_004072 at 1154/10500
processing 2010_004074 at 1155/10500
processing 2010_004109 at 1156/10500
processing 2010_004119 at 1157/10500
processing 2010_004144 at 1158/10500
processing 2010_004154 at 1159/10500
processing 2010_004171 at 1160/10500
processing 2010_004180 at 1161/10500
PID0, 1160/1464 is complete
processing 2010_004186 at 1162/10500
processing 2010_004210 at 1163/10500
processing 2010_004222 at 1164/10500
processing 2010_004258 at 1165/10500
processing 2010_004283 at 1166/10500
processing 2010_004288 at 1167/10500
processing 2010_004289 at 1168/10500
processing 2010_004306 at 1169/10500
processing 2010_004361 at 1170/10500
processing 2010_004363 at 1171/10500
PID0, 1170/1464 is complete
processing 2010_004365 at 1172/10500
processing 2010_004370 at 1173/10500
processing 2010_004429 at 1174/10500
processing 2010_004450 at 1175/10500
processing 2010_004478 at 1176/10500
processing 2010_004481 at 1177/10500
processing 2010_004493 at 1178/10500
processing 2010_004499 at 1179/10500
processing 2010_004540 at 1180/10500
processing 2010_004560 at 1181/10500
PID0, 1180/1464 is complete
processing 2010_004577 at 1182/10500
processing 2010_004598 at 1183/10500
processing 2010_004616 at 1184/10500
processing 2010_004620 at 1185/10500
processing 2010_004625 at 1186/10500
processing 2010_004669 at 1187/10500
processing 2010_004683 at 1188/10500
processing 2010_004694 at 1189/10500
processing 2010_004704 at 1190/10500
processing 2010_004721 at 1191/10500
PID0, 1190/1464 is complete
processing 2010_004760 at 1192/10500
processing 2010_004766 at 1193/10500
processing 2010_004773 at 1194/10500
processing 2010_004805 at 1195/10500
processing 2010_004808 at 1196/10500
processing 2010_004900 at 1197/10500
processing 2010_004916 at 1198/10500
processing 2010_004933 at 1199/10500
processing 2010_004938 at 1200/10500
processing 2010_004948 at 1201/10500
PID0, 1200/1464 is complete
processing 2010_004960 at 1202/10500
processing 2010_004963 at 1203/10500
processing 2010_005016 at 1204/10500
processing 2010_005028 at 1205/10500
processing 2010_005055 at 1206/10500
processing 2010_005064 at 1207/10500
processing 2010_005098 at 1208/10500
processing 2010_005106 at 1209/10500
processing 2010_005111 at 1210/10500
processing 2010_005119 at 1211/10500
PID0, 1210/1464 is complete
processing 2010_005128 at 1212/10500
processing 2010_005129 at 1213/10500
processing 2010_005198 at 1214/10500
processing 2010_005202 at 1215/10500
processing 2010_005217 at 1216/10500
processing 2010_005223 at 1217/10500
processing 2010_005232 at 1218/10500
processing 2010_005277 at 1219/10500
processing 2010_005317 at 1220/10500
processing 2010_005318 at 1221/10500
PID0, 1220/1464 is complete
processing 2010_005419 at 1222/10500
processing 2010_005429 at 1223/10500
processing 2010_005450 at 1224/10500
processing 2010_005457 at 1225/10500
processing 2010_005468 at 1226/10500
processing 2010_005471 at 1227/10500
processing 2010_005494 at 1228/10500
processing 2010_005500 at 1229/10500
processing 2010_005505 at 1230/10500
processing 2010_005506 at 1231/10500
PID0, 1230/1464 is complete
processing 2010_005513 at 1232/10500
processing 2010_005519 at 1233/10500
processing 2010_005522 at 1234/10500
processing 2010_005596 at 1235/10500
processing 2010_005627 at 1236/10500
processing 2010_005643 at 1237/10500
processing 2010_005652 at 1238/10500
processing 2010_005663 at 1239/10500
processing 2010_005669 at 1240/10500
processing 2010_005678 at 1241/10500
PID0, 1240/1464 is complete
processing 2010_005700 at 1242/10500
processing 2010_005721 at 1243/10500
processing 2010_005723 at 1244/10500
processing 2010_005725 at 1245/10500
processing 2010_005734 at 1246/10500
processing 2010_005744 at 1247/10500
processing 2010_005746 at 1248/10500
processing 2010_005755 at 1249/10500
processing 2010_005758 at 1250/10500
processing 2010_005775 at 1251/10500
PID0, 1250/1464 is complete
processing 2010_005791 at 1252/10500
processing 2010_005796 at 1253/10500
processing 2010_005800 at 1254/10500
processing 2010_005805 at 1255/10500
processing 2010_005810 at 1256/10500
processing 2010_005820 at 1257/10500
processing 2010_005830 at 1258/10500
processing 2010_005835 at 1259/10500
processing 2010_005836 at 1260/10500
gen_ori_cam_crf.py:97: DeprecationWarning: CUBIC is deprecated and will be removed in Pillow 10 (2023-07-01). Use Resampling.BICUBIC instead.
  scaled_image = image.resize(target_size, resample=Image.CUBIC)
gen_ori_cam_crf.py:228: VisibleDeprecationWarning: Creating an ndarray from ragged nested sequences (which is a list-or-tuple of lists-or-tuples-or ndarrays with different lengths or shapes) is deprecated. If you meant to do this, you must specify 'dtype=object' when creating the ndarray.
  cam_np = np.array(cam_list)
processing 2010_005876 at 1261/10500
PID0, 1260/1464 is complete
processing 2010_005891 at 1262/10500
processing 2010_005898 at 1263/10500
processing 2010_005919 at 1264/10500
processing 2010_005927 at 1265/10500
processing 2010_005932 at 1266/10500
processing 2010_005951 at 1267/10500
processing 2010_005952 at 1268/10500
processing 2010_005978 at 1269/10500
processing 2010_005982 at 1270/10500
processing 2010_006009 at 1271/10500
PID0, 1270/1464 is complete
processing 2011_000003 at 1272/10500
processing 2011_000006 at 1273/10500
processing 2011_000025 at 1274/10500
processing 2011_000027 at 1275/10500
processing 2011_000068 at 1276/10500
processing 2011_000069 at 1277/10500
processing 2011_000105 at 1278/10500
processing 2011_000108 at 1279/10500
processing 2011_000116 at 1280/10500
processing 2011_000122 at 1281/10500
PID0, 1280/1464 is complete
processing 2011_000145 at 1282/10500
processing 2011_000149 at 1283/10500
processing 2011_000152 at 1284/10500
processing 2011_000182 at 1285/10500
processing 2011_000197 at 1286/10500
processing 2011_000208 at 1287/10500
processing 2011_000216 at 1288/10500
processing 2011_000219 at 1289/10500
processing 2011_000221 at 1290/10500
processing 2011_000222 at 1291/10500
PID0, 1290/1464 is complete
processing 2011_000228 at 1292/10500
processing 2011_000243 at 1293/10500
processing 2011_000252 at 1294/10500
processing 2011_000258 at 1295/10500
processing 2011_000268 at 1296/10500
processing 2011_000277 at 1297/10500
processing 2011_000278 at 1298/10500
processing 2011_000293 at 1299/10500
processing 2011_000345 at 1300/10500
processing 2011_000359 at 1301/10500
PID0, 1300/1464 is complete
processing 2011_000379 at 1302/10500
processing 2011_000382 at 1303/10500
processing 2011_000400 at 1304/10500
processing 2011_000428 at 1305/10500
processing 2011_000449 at 1306/10500
processing 2011_000453 at 1307/10500
processing 2011_000457 at 1308/10500
processing 2011_000468 at 1309/10500
processing 2011_000469 at 1310/10500
processing 2011_000513 at 1311/10500
PID0, 1310/1464 is complete
processing 2011_000542 at 1312/10500
processing 2011_000550 at 1313/10500
processing 2011_000551 at 1314/10500
processing 2011_000556 at 1315/10500
processing 2011_000573 at 1316/10500
processing 2011_000577 at 1317/10500
processing 2011_000589 at 1318/10500
processing 2011_000594 at 1319/10500
processing 2011_000637 at 1320/10500
processing 2011_000641 at 1321/10500
PID0, 1320/1464 is complete
processing 2011_000642 at 1322/10500
processing 2011_000646 at 1323/10500
processing 2011_000651 at 1324/10500
processing 2011_000652 at 1325/10500
processing 2011_000713 at 1326/10500
processing 2011_000758 at 1327/10500
processing 2011_000768 at 1328/10500
processing 2011_000771 at 1329/10500
processing 2011_000790 at 1330/10500
processing 2011_000793 at 1331/10500
PID0, 1330/1464 is complete
processing 2011_000834 at 1332/10500
processing 2011_000840 at 1333/10500
processing 2011_000882 at 1334/10500
processing 2011_000893 at 1335/10500
processing 2011_000895 at 1336/10500
processing 2011_000920 at 1337/10500
processing 2011_000934 at 1338/10500
processing 2011_000944 at 1339/10500
processing 2011_000973 at 1340/10500
processing 2011_000982 at 1341/10500
PID0, 1340/1464 is complete
processing 2011_000997 at 1342/10500
processing 2011_000999 at 1343/10500
processing 2011_001004 at 1344/10500
processing 2011_001015 at 1345/10500
processing 2011_001027 at 1346/10500
processing 2011_001133 at 1347/10500
processing 2011_001135 at 1348/10500
processing 2011_001139 at 1349/10500
processing 2011_001166 at 1350/10500
processing 2011_001175 at 1351/10500
PID0, 1350/1464 is complete
processing 2011_001198 at 1352/10500
processing 2011_001211 at 1353/10500
processing 2011_001259 at 1354/10500
processing 2011_001270 at 1355/10500
processing 2011_001336 at 1356/10500
processing 2011_001400 at 1357/10500
processing 2011_001402 at 1358/10500
processing 2011_001411 at 1359/10500
processing 2011_001412 at 1360/10500
processing 2011_001432 at 1361/10500
PID0, 1360/1464 is complete
processing 2011_001463 at 1362/10500
processing 2011_001475 at 1363/10500
processing 2011_001479 at 1364/10500
processing 2011_001519 at 1365/10500
processing 2011_001536 at 1366/10500
processing 2011_001542 at 1367/10500
processing 2011_001571 at 1368/10500
processing 2011_001621 at 1369/10500
processing 2011_001622 at 1370/10500
processing 2011_001632 at 1371/10500
PID0, 1370/1464 is complete
processing 2011_001652 at 1372/10500
processing 2011_001653 at 1373/10500
processing 2011_001695 at 1374/10500
processing 2011_001710 at 1375/10500
processing 2011_001730 at 1376/10500
processing 2011_001753 at 1377/10500
processing 2011_001754 at 1378/10500
processing 2011_001764 at 1379/10500
processing 2011_001765 at 1380/10500
processing 2011_001790 at 1381/10500
PID0, 1380/1464 is complete
processing 2011_001810 at 1382/10500
processing 2011_001855 at 1383/10500
processing 2011_001866 at 1384/10500
processing 2011_001875 at 1385/10500
processing 2011_001895 at 1386/10500
processing 2011_001902 at 1387/10500
processing 2011_001904 at 1388/10500
processing 2011_001922 at 1389/10500
processing 2011_001924 at 1390/10500
processing 2011_001928 at 1391/10500
PID0, 1390/1464 is complete
processing 2011_001959 at 1392/10500
processing 2011_001967 at 1393/10500
processing 2011_001972 at 1394/10500
processing 2011_001974 at 1395/10500
processing 2011_001991 at 1396/10500
processing 2011_002027 at 1397/10500
processing 2011_002050 at 1398/10500
processing 2011_002107 at 1399/10500
processing 2011_002111 at 1400/10500
processing 2011_002114 at 1401/10500
PID0, 1400/1464 is complete
processing 2011_002119 at 1402/10500
processing 2011_002134 at 1403/10500
processing 2011_002135 at 1404/10500
processing 2011_002149 at 1405/10500
processing 2011_002222 at 1406/10500
processing 2011_002224 at 1407/10500
processing 2011_002227 at 1408/10500
processing 2011_002246 at 1409/10500
processing 2011_002291 at 1410/10500
processing 2011_002300 at 1411/10500
PID0, 1410/1464 is complete
processing 2011_002303 at 1412/10500
processing 2011_002335 at 1413/10500
processing 2011_002341 at 1414/10500
processing 2011_002350 at 1415/10500
processing 2011_002381 at 1416/10500
processing 2011_002385 at 1417/10500
processing 2011_002389 at 1418/10500
processing 2011_002398 at 1419/10500
processing 2011_002410 at 1420/10500
processing 2011_002447 at 1421/10500
PID0, 1420/1464 is complete
processing 2011_002457 at 1422/10500
processing 2011_002464 at 1423/10500
processing 2011_002488 at 1424/10500
processing 2011_002503 at 1425/10500
processing 2011_002504 at 1426/10500
processing 2011_002511 at 1427/10500
processing 2011_002528 at 1428/10500
processing 2011_002553 at 1429/10500
processing 2011_002559 at 1430/10500
processing 2011_002561 at 1431/10500
PID0, 1430/1464 is complete
processing 2011_002585 at 1432/10500
processing 2011_002590 at 1433/10500
processing 2011_002652 at 1434/10500
processing 2011_002656 at 1435/10500
processing 2011_002709 at 1436/10500
processing 2011_002715 at 1437/10500
processing 2011_002717 at 1438/10500
processing 2011_002752 at 1439/10500
processing 2011_002767 at 1440/10500
processing 2011_002770 at 1441/10500
PID0, 1440/1464 is complete
processing 2011_002834 at 1442/10500
processing 2011_002851 at 1443/10500
processing 2011_002872 at 1444/10500
processing 2011_002873 at 1445/10500
processing 2011_002920 at 1446/10500
processing 2011_002932 at 1447/10500
processing 2011_002935 at 1448/10500
processing 2011_002947 at 1449/10500
processing 2011_002953 at 1450/10500
processing 2011_002956 at 1451/10500
PID0, 1450/1464 is complete
processing 2011_003025 at 1452/10500
processing 2011_003038 at 1453/10500
processing 2011_003057 at 1454/10500
processing 2011_003066 at 1455/10500
processing 2011_003078 at 1456/10500
processing 2011_003121 at 1457/10500
processing 2011_003141 at 1458/10500
processing 2011_003151 at 1459/10500
processing 2011_003184 at 1460/10500
processing 2011_003216 at 1461/10500
PID0, 1460/1464 is complete
processing 2011_003238 at 1462/10500
processing 2011_003246 at 1463/10500
processing 2011_003255 at 1464/10500
3528.8454349040985
main.sh: line 90: --cam_npy: command not found
0it [00:00, ?it/s]6it [00:00, 55.44it/s]13it [00:00, 58.61it/s]19it [00:00, 56.86it/s]25it [00:00, 57.34it/s]31it [00:00, 57.30it/s]37it [00:00, 56.35it/s]43it [00:00, 55.77it/s]49it [00:00, 55.04it/s]55it [00:00, 56.44it/s]61it [00:01, 55.31it/s]67it [00:01, 56.48it/s]74it [00:01, 59.04it/s]80it [00:01, 56.24it/s]86it [00:01, 56.05it/s]92it [00:01, 55.42it/s]98it [00:01, 55.04it/s]104it [00:01, 55.05it/s]110it [00:01, 55.54it/s]116it [00:02, 55.06it/s]122it [00:02, 56.02it/s]128it [00:02, 56.72it/s]134it [00:02, 56.60it/s]140it [00:02, 56.84it/s]146it [00:02, 56.59it/s]153it [00:02, 57.88it/s]159it [00:02, 57.66it/s]165it [00:02, 56.47it/s]171it [00:03, 55.79it/s]177it [00:03, 56.68it/s]183it [00:03, 56.71it/s]189it [00:03, 56.69it/s]195it [00:03, 55.55it/s]201it [00:03, 55.83it/s]207it [00:03, 55.78it/s]213it [00:03, 55.47it/s]219it [00:03, 54.63it/s]225it [00:04, 55.80it/s]231it [00:04, 55.56it/s]237it [00:04, 54.83it/s]243it [00:04, 54.52it/s]250it [00:04, 57.93it/s]256it [00:04, 58.00it/s]262it [00:04, 57.58it/s]268it [00:04, 56.70it/s]274it [00:04, 57.18it/s]280it [00:04, 57.68it/s]286it [00:05, 57.64it/s]292it [00:05, 57.06it/s]298it [00:05, 56.97it/s]304it [00:05, 56.93it/s]310it [00:05, 56.70it/s]317it [00:05, 57.80it/s]323it [00:05, 57.80it/s]329it [00:05, 57.29it/s]335it [00:05, 56.81it/s]341it [00:06, 57.35it/s]348it [00:06, 59.64it/s]354it [00:06, 58.70it/s]360it [00:06, 57.21it/s]367it [00:06, 58.96it/s]373it [00:06, 57.37it/s]379it [00:06, 55.65it/s]385it [00:06, 54.76it/s]391it [00:06, 55.37it/s]397it [00:07, 56.34it/s]403it [00:07, 56.33it/s]409it [00:07, 56.74it/s]416it [00:07, 58.96it/s]422it [00:07, 57.75it/s]428it [00:07, 57.90it/s]434it [00:07, 56.87it/s]441it [00:07, 58.07it/s]447it [00:07, 57.38it/s]454it [00:08, 57.37it/s]460it [00:08, 56.89it/s]466it [00:08, 56.42it/s]472it [00:08, 55.09it/s]478it [00:08, 55.24it/s]484it [00:08, 54.16it/s]490it [00:08, 54.41it/s]496it [00:08, 55.08it/s]503it [00:08, 57.47it/s]509it [00:08, 56.24it/s]516it [00:09, 57.53it/s]522it [00:09, 56.95it/s]528it [00:09, 56.53it/s]534it [00:09, 57.07it/s]540it [00:09, 56.30it/s]546it [00:09, 56.67it/s]552it [00:09, 56.21it/s]558it [00:09, 56.16it/s]564it [00:09, 55.52it/s]570it [00:10, 55.84it/s]576it [00:10, 54.61it/s]583it [00:10, 55.85it/s]589it [00:10, 56.78it/s]595it [00:10, 54.97it/s]602it [00:10, 57.87it/s]608it [00:10, 56.45it/s]614it [00:10, 56.82it/s]620it [00:10, 55.67it/s]626it [00:11, 55.24it/s]632it [00:11, 55.42it/s]638it [00:11, 53.60it/s]644it [00:11, 52.17it/s]650it [00:11, 53.80it/s]656it [00:11, 54.71it/s]662it [00:11, 55.75it/s]668it [00:11, 56.82it/s]674it [00:11, 56.68it/s]681it [00:12, 58.20it/s]687it [00:12, 58.00it/s]693it [00:12, 56.88it/s]699it [00:12, 56.01it/s]705it [00:12, 57.06it/s]711it [00:12, 54.85it/s]717it [00:12, 55.24it/s]723it [00:12, 55.04it/s]729it [00:12, 55.13it/s]735it [00:13, 54.65it/s]741it [00:13, 54.87it/s]747it [00:13, 54.93it/s]754it [00:13, 57.40it/s]760it [00:13, 58.02it/s]766it [00:13, 57.70it/s]772it [00:13, 58.33it/s]778it [00:13, 57.42it/s]784it [00:13, 56.56it/s]791it [00:14, 58.45it/s]798it [00:14, 58.79it/s]804it [00:14, 57.84it/s]810it [00:14, 58.20it/s]816it [00:14, 58.58it/s]822it [00:14, 57.94it/s]829it [00:14, 58.63it/s]835it [00:14, 57.81it/s]842it [00:14, 59.32it/s]848it [00:15, 56.61it/s]854it [00:15, 56.72it/s]860it [00:15, 55.32it/s]866it [00:15, 54.99it/s]872it [00:15, 54.79it/s]878it [00:15, 54.59it/s]884it [00:15, 52.83it/s]890it [00:15, 54.42it/s]897it [00:15, 56.34it/s]904it [00:16, 58.65it/s]910it [00:16, 57.84it/s]917it [00:16, 58.30it/s]923it [00:16, 58.35it/s]929it [00:16, 56.27it/s]936it [00:16, 58.52it/s]942it [00:16, 57.36it/s]948it [00:16, 57.08it/s]954it [00:16, 56.61it/s]960it [00:16, 56.46it/s]966it [00:17, 54.97it/s]972it [00:17, 56.10it/s]978it [00:17, 56.06it/s]984it [00:17, 55.18it/s]990it [00:17, 56.45it/s]997it [00:17, 58.25it/s]1003it [00:17, 55.44it/s]1009it [00:17, 55.19it/s]1016it [00:17, 57.18it/s]1022it [00:18, 56.86it/s]1028it [00:18, 57.73it/s]1034it [00:18, 58.23it/s]1040it [00:18, 57.97it/s]1046it [00:18, 57.20it/s]1052it [00:18, 55.74it/s]1058it [00:18, 55.30it/s]1064it [00:18, 54.25it/s]1070it [00:18, 55.24it/s]1076it [00:19, 55.12it/s]1082it [00:19, 56.01it/s]1088it [00:19, 56.32it/s]1094it [00:19, 54.47it/s]1100it [00:19, 55.74it/s]1106it [00:19, 55.51it/s]1112it [00:19, 55.50it/s]1118it [00:19, 55.00it/s]1124it [00:19, 55.36it/s]1130it [00:20, 54.06it/s]1137it [00:20, 56.14it/s]1143it [00:20, 55.28it/s]1149it [00:20, 56.20it/s]1155it [00:20, 54.93it/s]1161it [00:20, 55.25it/s]1167it [00:20, 53.86it/s]1173it [00:20, 54.84it/s]1179it [00:20, 54.99it/s]1185it [00:21, 55.82it/s]1191it [00:21, 56.07it/s]1197it [00:21, 54.56it/s]1203it [00:21, 53.91it/s]1210it [00:21, 55.72it/s]1217it [00:21, 57.25it/s]1224it [00:21, 57.96it/s]1230it [00:21, 57.88it/s]1236it [00:21, 57.88it/s]1242it [00:22, 56.33it/s]1248it [00:22, 57.14it/s]1254it [00:22, 55.91it/s]1260it [00:22, 55.30it/s]1266it [00:22, 56.39it/s]1272it [00:22, 56.26it/s]1278it [00:22, 55.54it/s]1284it [00:22, 55.81it/s]1290it [00:22, 56.69it/s]1296it [00:22, 57.56it/s]1302it [00:23, 58.18it/s]1308it [00:23, 58.04it/s]1314it [00:23, 57.24it/s]1320it [00:23, 57.31it/s]1326it [00:23, 56.69it/s]1332it [00:23, 57.47it/s]1338it [00:23, 55.67it/s]1344it [00:23, 54.07it/s]1350it [00:23, 54.44it/s]1356it [00:24, 54.62it/s]1362it [00:24, 55.79it/s]1368it [00:24, 56.41it/s]1375it [00:24, 56.87it/s]1382it [00:24, 58.59it/s]1388it [00:24, 57.71it/s]1395it [00:24, 58.46it/s]1401it [00:24, 58.81it/s]1407it [00:24, 57.42it/s]1413it [00:25, 56.66it/s]1419it [00:25, 54.88it/s]1425it [00:25, 55.18it/s]1431it [00:25, 55.96it/s]1438it [00:25, 58.32it/s]1445it [00:25, 59.05it/s]1451it [00:25, 58.65it/s]1457it [00:25, 58.28it/s]1463it [00:25, 57.99it/s]1464it [00:25, 56.45it/s]
0.9269387097835564
     IDX      IoU     Prec   Recall      ACC
    mean    73.88    84.61    84.35    92.69
